2025-04-12 06:09:09,849 - TestPreprocessing - INFO - 创建示例数据...
2025-04-12 06:09:09,867 - TestPreprocessing - INFO - 原始数据已保存到 M:\4.9/result/data\raw_data.csv
2025-04-12 06:09:09,867 - TestPreprocessing - INFO - 初始化数据预处理器...
2025-04-12 06:09:11,163 - DataPreprocessor - INFO - 随机种子设置为 42
2025-04-12 06:09:11,163 - DataPreprocessor - INFO - 数据预处理器初始化完成
2025-04-12 06:09:11,163 - TestPreprocessing - INFO - 加载数据...
2025-04-12 06:09:11,165 - DataPreprocessor - INFO - 成功加载数据，形状: (23, 10)
2025-04-12 06:09:11,174 - TestPreprocessing - INFO - 成功加载数据，形状: (23, 10)
2025-04-12 06:09:11,175 - TestPreprocessing - INFO - 清洗数据...
2025-04-12 06:09:11,178 - DataPreprocessor - INFO - 使用 mean 策略处理缺失值
2025-04-12 06:09:11,182 - DataPreprocessor - INFO - 使用 clip 策略处理异常值，阈值为 3.0 个标准差
2025-04-12 06:09:11,182 - DataPreprocessor - INFO - 数据清洗完成，最终形状: (23, 10)
2025-04-12 06:09:11,183 - TestPreprocessing - INFO - 数据清洗完成，最终形状: (23, 10)
2025-04-12 06:09:11,183 - TestPreprocessing - INFO - 标准化数据...
2025-04-12 06:09:11,188 - DataPreprocessor - INFO - 使用 minmax 方法标准化数据
2025-04-12 06:09:11,189 - TestPreprocessing - INFO - 数据标准化完成
2025-04-12 06:09:11,189 - TestPreprocessing - INFO - 编码分类特征...
2025-04-12 06:09:11,189 - DataPreprocessor - ERROR - 编码分类特征时出错: __init__() got an unexpected keyword argument 'sparse'
2025-04-12 06:09:11,189 - TestPreprocessing - ERROR - 数据预处理测试过程中出错: __init__() got an unexpected keyword argument 'sparse'
2025-04-12 06:10:26,589 - TestPreprocessing - INFO - 创建示例数据...
2025-04-12 06:10:26,597 - TestPreprocessing - INFO - 原始数据已保存到 M:\4.9/result/data\raw_data.csv
2025-04-12 06:10:26,597 - TestPreprocessing - INFO - 初始化数据预处理器...
2025-04-12 06:10:27,843 - DataPreprocessor - INFO - 随机种子设置为 42
2025-04-12 06:10:27,843 - DataPreprocessor - INFO - 数据预处理器初始化完成
2025-04-12 06:10:27,843 - TestPreprocessing - INFO - 加载数据...
2025-04-12 06:10:27,845 - DataPreprocessor - INFO - 成功加载数据，形状: (23, 10)
2025-04-12 06:10:27,845 - TestPreprocessing - INFO - 成功加载数据，形状: (23, 10)
2025-04-12 06:10:27,845 - TestPreprocessing - INFO - 清洗数据...
2025-04-12 06:10:27,849 - DataPreprocessor - INFO - 使用 mean 策略处理缺失值
2025-04-12 06:10:27,854 - DataPreprocessor - INFO - 使用 clip 策略处理异常值，阈值为 3.0 个标准差
2025-04-12 06:10:27,854 - DataPreprocessor - INFO - 数据清洗完成，最终形状: (23, 10)
2025-04-12 06:10:27,855 - TestPreprocessing - INFO - 数据清洗完成，最终形状: (23, 10)
2025-04-12 06:10:27,855 - TestPreprocessing - INFO - 标准化数据...
2025-04-12 06:10:27,857 - DataPreprocessor - INFO - 使用 minmax 方法标准化数据
2025-04-12 06:10:27,858 - TestPreprocessing - INFO - 数据标准化完成
2025-04-12 06:10:27,858 - TestPreprocessing - INFO - 编码分类特征...
2025-04-12 06:10:27,861 - DataPreprocessor - INFO - 使用 onehot 方法编码分类特征
2025-04-12 06:10:27,861 - TestPreprocessing - INFO - 分类特征编码完成，最终形状: (23, 16)
2025-04-12 06:10:27,861 - TestPreprocessing - INFO - 准备网络数据...
2025-04-12 06:10:27,872 - DataPreprocessor - INFO - 准备网络数据完成: 15 个节点, 46 条边
2025-04-12 06:10:27,872 - TestPreprocessing - INFO - 网络数据准备完成: 15 个节点, 46 条边
2025-04-12 06:10:27,872 - TestPreprocessing - INFO - 保存预处理后的数据...
2025-04-12 06:10:27,874 - DataPreprocessor - INFO - 预处理后的数据已保存到 M:\4.9/result/data\preprocessed_data.csv
2025-04-12 06:10:27,874 - TestPreprocessing - INFO - 保存数据转换器...
2025-04-12 06:10:27,875 - DataPreprocessor - INFO - 标准化器已保存到 M:\4.9/result/data\scaler.pkl
2025-04-12 06:10:27,885 - DataPreprocessor - INFO - 缺失值填充器已保存到 M:\4.9/result/data\imputer.pkl
2025-04-12 06:10:27,886 - DataPreprocessor - INFO - 编码器已保存到 M:\4.9/result/data\encoder.pkl
2025-04-12 06:10:27,886 - TestPreprocessing - INFO - 数据预处理测试完成
